max: 310x11 + 380x12 + 350x13 + 285x14 + 310x21 + 380x22 + 350x23 + 285x24 + 310x31 + 380x32 + 350x33 + 285x34;

16x11 + 16x12 + 16x13 + 16x14 - 10x21 - 10x22 - 10x23 - 10x24 = 0;
8x11 + 8x12 + 8x13 + 8x14 - 10x31 - 10x32 - 10x33 - 10x34 = 0;
8x21 + 8x22 + 8x23 + 8x24 - 16x31 - 16x32 - 16x33 - 16x34 = 0;

x11 + x12 + x13 + x14 <= 10;
x21 + x22 + x23 + x24 <= 16;
x31 + x32 + x33 + x34 <= 8;

x11 + x21 + x31 <= 18;
x12 + x22 + x32 <= 15;
x13 + x23 + x33 <= 23;
x14 + x24 + x34 <= 12;

26.67x11 + 43.33x12 + 25.22x13 + 32.50x14 <= 6800;
26.67x21 + 43.33x22 + 25.22x23 + 32.50x24 <= 8700;
26.67x31 + 43.33x32 + 25.22x33 + 32.50x34 <= 5300;

x11 >= 0;
x12 >= 0;
x13 >= 0;
x14 >= 0;
x21 >= 0;
x22 >= 0;
x23 >= 0;
x24 >= 0;
x31 >= 0;
x32 >= 0;
x33 >= 0;
x34 >= 0;
